INFO:root:Имя файла без расширения: .git
 Расширение файла: 
 Флаг каталога: True
 Название родительского каталога: pogruzhenie_15_attestfcya
-------------------------------------------------
INFO:root:Имя файла без расширения: .idea
 Расширение файла: 
 Флаг каталога: True
 Название родительского каталога: pogruzhenie_15_attestfcya
-------------------------------------------------
INFO:root:Имя файла без расширения: file_info
 Расширение файла: .log
 Флаг каталога: False
 Название родительского каталога: pogruzhenie_15_attestfcya
-------------------------------------------------
INFO:root:Имя файла без расширения: script
 Расширение файла: .py
 Флаг каталога: False
 Название родительского каталога: pogruzhenie_15_attestfcya
-------------------------------------------------
INFO:root:Имя файла без расширения: test1
 Расширение файла: .txt
 Флаг каталога: False
 Название родительского каталога: pogruzhenie_15_attestfcya
-------------------------------------------------
INFO:root:Имя файла без расширения: test2
 Расширение файла: .png
 Флаг каталога: False
 Название родительского каталога: pogruzhenie_15_attestfcya
-------------------------------------------------
INFO:root:Имя файла без расширения: test3
 Расширение файла: .pdf
 Флаг каталога: False
 Название родительского каталога: pogruzhenie_15_attestfcya
-------------------------------------------------
INFO:root:Имя файла без расширения: test4
 Расширение файла: .mp3
 Флаг каталога: False
 Название родительского каталога: pogruzhenie_15_attestfcya
-------------------------------------------------
INFO:root:Имя файла без расширения: test6
 Расширение файла: 
 Флаг каталога: True
 Название родительского каталога: pogruzhenie_15_attestfcya
-------------------------------------------------
INFO:root:Имя файла без расширения: venv
 Расширение файла: 
 Флаг каталога: True
 Название родительского каталога: pogruzhenie_15_attestfcya
-------------------------------------------------
INFO:root:Имя файла без расширения: тест5
 Расширение файла: .pptx
 Флаг каталога: False
 Название родительского каталога: pogruzhenie_15_attestfcya
-------------------------------------------------
ERROR:root:Путь "C:\тест\тест\тест" не найден!.
